{"level":"info","message":"[mb:2525] mountebank v2.6.0 now taking orders - point your browser to http://localhost:2525/ for help","timestamp":"2022-03-22T12:40:13.097Z"}
{"level":"info","message":"[mb:2525] PUT /imposters","timestamp":"2022-03-22T12:40:13.138Z"}
{"level":"info","message":"[http:2727 User] Open for business...","timestamp":"2022-03-22T12:40:13.159Z"}
{"level":"info","message":"[http:2727 User] ::1:51902 => GET /user/jsmith","timestamp":"2022-03-22T12:41:56.249Z"}
{"level":"info","message":"[http:2727 User] ::1:51903 => GET /user/jsmith/tweets","timestamp":"2022-03-22T12:41:56.264Z"}
{"level":"info","message":"[http:2727 User] ::1:51972 => GET /user/jsmith/tweets","timestamp":"2022-03-22T12:52:33.935Z"}
{"level":"info","message":"[http:2727 User] ::1:51973 => GET /user/jsmith/tweets","timestamp":"2022-03-22T12:52:44.819Z"}
{"level":"info","message":"[http:2727 User] ::1:51974 => GET /user/jsmith/tweets","timestamp":"2022-03-22T12:52:46.293Z"}
{"level":"info","message":"[http:2727 User] ::1:51983 => GET /user/jsmith","timestamp":"2022-03-22T12:53:44.094Z"}
{"level":"info","message":"[http:2727 User] ::1:51984 => GET /user/jsmith/tweets","timestamp":"2022-03-22T12:53:44.161Z"}
{"level":"info","message":"[http:2727 User] ::1:51992 => GET /user/jsmith/tweets","timestamp":"2022-03-22T12:54:44.099Z"}
{"level":"info","message":"[http:2727 User] ::1:55163 => GET /user/jsmith","timestamp":"2022-03-23T12:31:20.764Z"}
{"level":"info","message":"[http:2727 User] ::1:55164 => GET /user/jsmith/tweets","timestamp":"2022-03-23T12:31:20.809Z"}
{"level":"info","message":"[http:2727 User] ::1:55519 => GET /user/jsmith/tweets","timestamp":"2022-03-23T12:40:46.994Z"}
{"level":"info","message":"[http:2727 User] ::1:55593 => GET /user/jsmith/tweets","timestamp":"2022-03-23T12:40:54.071Z"}
{"level":"info","message":"[http:2727 User] ::1:55595 => GET /user/jsmith/tweets","timestamp":"2022-03-23T12:41:01.794Z"}
{"level":"info","message":"[http:2727 User] ::1:55597 => GET /user/jsmith","timestamp":"2022-03-23T12:41:24.559Z"}
{"level":"info","message":"[http:2727 User] ::1:55598 => GET /user/jsmith/tweets","timestamp":"2022-03-23T12:41:24.626Z"}
{"level":"info","message":"[http:2727 User] ::1:55676 => GET /user/jsmith","timestamp":"2022-03-23T12:43:09.536Z"}
{"level":"info","message":"[http:2727 User] ::1:55677 => GET /user/jsmith/tweets","timestamp":"2022-03-23T12:43:09.565Z"}
{"level":"info","message":"[http:2727 User] ::1:55681 => GET /","timestamp":"2022-03-23T12:43:49.825Z"}
{"level":"info","message":"[http:2727 User] ::1:55682 => GET /favicon.ico","timestamp":"2022-03-23T12:43:50.636Z"}
{"level":"info","message":"[http:2727 User] ::1:55689 => GET /user/jsmith","timestamp":"2022-03-23T12:44:18.721Z"}
{"level":"info","message":"[http:2727 User] ::1:55691 => GET /user/jsmith","timestamp":"2022-03-23T12:44:56.358Z"}
{"level":"info","message":"[http:2727 User] ::1:55692 => GET /user/jsmith/tweets","timestamp":"2022-03-23T12:44:56.367Z"}
{"level":"info","message":"[http:2727 User] ::1:55838 => GET /user/jsmith","timestamp":"2022-03-23T12:46:29.374Z"}
{"level":"info","message":"[http:2727 User] ::1:55839 => GET /user/jsmith/tweets","timestamp":"2022-03-23T12:46:29.380Z"}
{"level":"info","message":"[http:2727 User] ::1:56064 => GET /user/jsmith","timestamp":"2022-03-23T12:51:08.609Z"}
{"level":"info","message":"[http:2727 User] ::1:56718 => GET /user/jsmith","timestamp":"2022-03-23T13:10:39.144Z"}
{"level":"info","message":"[http:2727 User] ::1:56719 => GET /user/jsmith/tweets","timestamp":"2022-03-23T13:10:39.159Z"}
{"level":"info","message":"[http:2727 User] ::1:56793 => GET /user/jsmith/tweets","timestamp":"2022-03-23T13:10:56.715Z"}
{"level":"info","message":"[http:2727 User] ::1:56939 => GET /user/jsmith","timestamp":"2022-03-23T13:12:48.214Z"}
{"level":"info","message":"[http:2727 User] ::1:56940 => GET /user/jsmith/tweets","timestamp":"2022-03-23T13:12:48.225Z"}
{"level":"info","message":"[http:2727 User] ::1:57218 => GET /user/jsmith","timestamp":"2022-03-23T13:20:28.101Z"}
{"level":"info","message":"[http:2727 User] ::1:57219 => GET /user/jsmith/tweets","timestamp":"2022-03-23T13:20:28.110Z"}
{"level":"info","message":"[http:2727 User] ::1:57224 => GET /user/jsmith/tweets","timestamp":"2022-03-23T13:20:44.121Z"}
{"level":"info","message":"[http:2727 User] ::1:57241 => GET /user/jsmith","timestamp":"2022-03-23T13:24:13.391Z"}
{"level":"info","message":"[http:2727 User] ::1:57242 => GET /user/jsmith/tweets","timestamp":"2022-03-23T13:24:13.397Z"}
{"level":"info","message":"[http:2727 User] ::1:57321 => GET /user/jsmith","timestamp":"2022-03-23T13:24:47.657Z"}
{"level":"info","message":"[http:2727 User] ::1:57322 => GET /user/jsmith/tweets","timestamp":"2022-03-23T13:24:47.668Z"}
{"level":"info","message":"[http:2727 User] ::1:57326 => GET /user/jsmith","timestamp":"2022-03-23T13:25:19.913Z"}
{"level":"info","message":"[http:2727 User] ::1:57327 => GET /user/jsmith/tweets","timestamp":"2022-03-23T13:25:19.919Z"}
{"level":"info","message":"[http:2727 User] ::1:58719 => GET /user/jsmith","timestamp":"2022-03-23T13:45:21.540Z"}
{"level":"info","message":"[http:2727 User] ::1:58720 => GET /user/jsmith/tweets","timestamp":"2022-03-23T13:45:21.548Z"}
{"level":"info","message":"[http:2727 User] ::1:58800 => GET /user/jsmith/tweets","timestamp":"2022-03-23T13:45:58.125Z"}
{"level":"info","message":"[http:2727 User] ::1:58801 => GET /user/jsmith/tweets","timestamp":"2022-03-23T13:46:04.761Z"}
{"level":"info","message":"[http:2727 User] ::1:58802 => GET /user/jsmith","timestamp":"2022-03-23T13:46:20.447Z"}
{"level":"info","message":"[http:2727 User] ::1:58803 => GET /user/jsmith/tweets","timestamp":"2022-03-23T13:46:20.479Z"}
{"level":"info","message":"[http:2727 User] ::1:58878 => GET /user/jsmith","timestamp":"2022-03-23T13:47:19.882Z"}
{"level":"info","message":"[http:2727 User] ::1:58879 => GET /user/jsmith/tweets","timestamp":"2022-03-23T13:47:19.897Z"}
{"level":"info","message":"[http:2727 User] ::1:58887 => GET /user/jsmith/tweets","timestamp":"2022-03-23T13:47:43.114Z"}
{"level":"info","message":"[http:2727 User] ::1:58888 => GET /user/jsmith/tweets","timestamp":"2022-03-23T13:47:48.521Z"}
{"level":"info","message":"[http:2727 User] ::1:59393 => GET /user/jsmith","timestamp":"2022-03-23T13:54:38.690Z"}
{"level":"info","message":"[http:2727 User] ::1:59394 => GET /user/jsmith/tweets","timestamp":"2022-03-23T13:54:38.745Z"}
{"level":"info","message":"[http:2727 User] ::1:59401 => GET /user/jsmith/tweets","timestamp":"2022-03-23T13:54:42.999Z"}
{"level":"info","message":"[http:2727 User] ::1:59815 => GET /user/jsmith","timestamp":"2022-03-23T14:02:50.424Z"}
{"level":"info","message":"[http:2727 User] ::1:59816 => GET /user/jsmith/tweets","timestamp":"2022-03-23T14:02:50.431Z"}
{"level":"info","message":"[http:2727 User] ::1:59896 => GET /user/jsmith/tweets","timestamp":"2022-03-23T14:03:03.649Z"}
{"level":"info","message":"[http:2727 User] ::1:59897 => GET /user/jsmith/tweets","timestamp":"2022-03-23T14:03:05.559Z"}
{"level":"info","message":"[http:2727 User] ::1:59911 => GET /user/jsmith/tweets","timestamp":"2022-03-23T14:05:44.554Z"}
{"level":"info","message":"[http:2727 User] ::1:59912 => GET /user/jsmith/tweets","timestamp":"2022-03-23T14:05:46.250Z"}
{"level":"info","message":"[http:2727 User] ::1:59917 => GET /user/jsmith/tweets","timestamp":"2022-03-23T14:05:50.230Z"}
{"level":"info","message":"[http:2727 User] ::1:59918 => GET /user/jsmith/tweets","timestamp":"2022-03-23T14:05:56.385Z"}
{"level":"info","message":"[http:2727 User] ::1:59950 => GET /user/jsmith/tweets","timestamp":"2022-03-23T14:06:42.602Z"}
{"level":"info","message":"[http:2727 User] ::1:59951 => GET /user/jsmith/tweets","timestamp":"2022-03-23T14:06:46.185Z"}
{"level":"info","message":"[http:2727 User] ::1:59952 => GET /user/jsmith/tweets","timestamp":"2022-03-23T14:06:47.724Z"}
{"level":"info","message":"[http:2727 User] ::1:59989 => GET /user/jsmith/tweets","timestamp":"2022-03-23T14:15:08.298Z"}
{"level":"info","message":"[http:2727 User] ::1:59990 => GET /user/jsmith/tweets","timestamp":"2022-03-23T14:15:11.556Z"}
